c:\users\dylan\documents\github\unitydualcontouringplugin\c++source\dualcontouringplugin\dualcontouringplugin\x64\release\vc140.pdb
c:\users\dylan\documents\github\unitydualcontouringplugin\c++source\dualcontouringplugin\dualcontouringplugin\x64\release\dualcontouringplugin.obj
c:\users\dylan\documents\github\unitydualcontouringplugin\c++source\dualcontouringplugin\dualcontouringplugin\x64\release\svd.obj
c:\users\dylan\documents\github\unitydualcontouringplugin\c++source\dualcontouringplugin\dualcontouringplugin\x64\release\qef.obj
c:\users\dylan\documents\github\unitydualcontouringplugin\c++source\dualcontouringplugin\dualcontouringplugin\x64\release\octree.obj
c:\users\dylan\documents\github\unitydualcontouringplugin\c++source\dualcontouringplugin\dualcontouringplugin\x64\release\ng_mesh_simplify.obj
c:\users\dylan\documents\github\unitydualcontouringplugin\c++source\dualcontouringplugin\dualcontouringplugin\x64\release\mesh.obj
c:\users\dylan\documents\github\unitydualcontouringplugin\c++source\dualcontouringplugin\dualcontouringplugin\x64\release\glm.obj
c:\users\dylan\documents\github\unitydualcontouringplugin\c++source\dualcontouringplugin\dualcontouringplugin\x64\release\dummy.obj
c:\users\dylan\documents\github\unitydualcontouringplugin\c++source\dualcontouringplugin\dualcontouringplugin\x64\release\fast_dc.obj
c:\users\dylan\documents\github\unitydualcontouringplugin\c++source\dualcontouringplugin\dualcontouringplugin\x64\release\density.obj
c:\users\dylan\documents\github\unitydualcontouringplugin\c++source\dualcontouringplugin\x64\release\dualcontouringplugin.lib
c:\users\dylan\documents\github\unitydualcontouringplugin\c++source\dualcontouringplugin\x64\release\dualcontouringplugin.exp
c:\users\dylan\documents\github\unitydualcontouringplugin\c++source\dualcontouringplugin\x64\release\dualcontouringplugin.dll
c:\users\dylan\documents\github\unitydualcontouringplugin\c++source\dualcontouringplugin\x64\release\dualcontouringplugin.ipdb
c:\users\dylan\documents\github\unitydualcontouringplugin\c++source\dualcontouringplugin\x64\release\dualcontouringplugin.iobj
c:\users\dylan\documents\github\unitydualcontouringplugin\c++source\dualcontouringplugin\x64\release\dualcontouringplugin.pdb
c:\users\dylan\documents\github\unitydualcontouringplugin\c++source\dualcontouringplugin\dualcontouringplugin\x64\release\dualcontouringplugin.res
c:\users\dylan\documents\github\unitydualcontouringplugin\c++source\dualcontouringplugin\dualcontouringplugin\x64\release\dualcont.218501e5.tlog\cl.command.1.tlog
c:\users\dylan\documents\github\unitydualcontouringplugin\c++source\dualcontouringplugin\dualcontouringplugin\x64\release\dualcont.218501e5.tlog\cl.read.1.tlog
c:\users\dylan\documents\github\unitydualcontouringplugin\c++source\dualcontouringplugin\dualcontouringplugin\x64\release\dualcont.218501e5.tlog\cl.write.1.tlog
c:\users\dylan\documents\github\unitydualcontouringplugin\c++source\dualcontouringplugin\dualcontouringplugin\x64\release\dualcont.218501e5.tlog\dualcontouringplugin.write.1u.tlog
c:\users\dylan\documents\github\unitydualcontouringplugin\c++source\dualcontouringplugin\dualcontouringplugin\x64\release\dualcont.218501e5.tlog\link.command.1.tlog
c:\users\dylan\documents\github\unitydualcontouringplugin\c++source\dualcontouringplugin\dualcontouringplugin\x64\release\dualcont.218501e5.tlog\link.read.1.tlog
c:\users\dylan\documents\github\unitydualcontouringplugin\c++source\dualcontouringplugin\dualcontouringplugin\x64\release\dualcont.218501e5.tlog\link.write.1.tlog
c:\users\dylan\documents\github\unitydualcontouringplugin\c++source\dualcontouringplugin\dualcontouringplugin\x64\release\dualcont.218501e5.tlog\rc.command.1.tlog
c:\users\dylan\documents\github\unitydualcontouringplugin\c++source\dualcontouringplugin\dualcontouringplugin\x64\release\dualcont.218501e5.tlog\rc.read.1.tlog
c:\users\dylan\documents\github\unitydualcontouringplugin\c++source\dualcontouringplugin\dualcontouringplugin\x64\release\dualcont.218501e5.tlog\rc.write.1.tlog
